<?xml version="1.0" encoding="UTF-8"?>
<!-- Generated by org.testng.reporters.JUnitReportReporter -->
<testsuite hostname="MindSDET699" failures="0" tests="10" name="TestCases.Hybridframework" time="126.861" errors="0" timestamp="2022-01-22T10:10:59 GMT+05:30" skipped="0">
  <testcase classname="TestCases.Hybridframework" name="TestCase1" time="6.557"/>
  <system-out/>
  <testcase classname="TestCases.Hybridframework" name="TestCase2" time="7.265"/>
  <system-out/>
  <testcase classname="TestCases.Hybridframework" name="TestCase3" time="4.908"/>
  <system-out/>
  <testcase classname="TestCases.Hybridframework" name="TestCase4" time="7.997"/>
  <system-out/>
  <testcase classname="TestCases.Hybridframework" name="TestCase5" time="10.167"/>
  <system-out/>
  <testcase classname="TestCases.Hybridframework" name="Testcase6" time="17.332"/>
  <system-out/>
  <testcase classname="TestCases.Hybridframework" name="test7" time="7.098"/>
  <system-out/>
  <testcase classname="TestCases.Hybridframework" name="test8" time="25.995"/>
  <system-out/>
  <testcase classname="TestCases.Hybridframework" name="test9" time="27.384"/>
  <system-out/>
  <testcase classname="TestCases.Hybridframework" name="test10" time="12.158"/>
  <system-out/>
</testsuite> <!-- TestCases.Hybridframework -->
